{"/home/dev/conduit-app/conduit-app/src/App.js": {"path":"/home/dev/conduit-app/conduit-app/src/App.js","statementMap":{"0":{"start":{"line":9,"column":2},"end":{"line":22,"column":4}}},"fnMap":{"0":{"name":"App","decl":{"start":{"line":8,"column":9},"end":{"line":8,"column":12}},"loc":{"start":{"line":8,"column":15},"end":{"line":23,"column":1}},"line":8}},"branchMap":{},"s":{"0":2},"f":{"0":2},"b":{},"_coverageSchema":"1a1c01bbd47fc00a2c39e90264f33305004495a9","hash":"3603e59239969a113bd84e1403163d54277e6e14"}
,"/home/dev/conduit-app/conduit-app/src/index.js": {"path":"/home/dev/conduit-app/conduit-app/src/index.js","statementMap":{"0":{"start":{"line":7,"column":0},"end":{"line":12,"column":2}}},"fnMap":{},"branchMap":{},"s":{"0":0},"f":{},"b":{}}
,"/home/dev/conduit-app/conduit-app/src/components/Home/index.jsx": {"path":"/home/dev/conduit-app/conduit-app/src/components/Home/index.jsx","statementMap":{"0":{"start":{"line":4,"column":13},"end":{"line":13,"column":1}},"1":{"start":{"line":5,"column":2},"end":{"line":12,"column":4}}},"fnMap":{"0":{"name":"(anonymous_0)","decl":{"start":{"line":4,"column":13},"end":{"line":4,"column":14}},"loc":{"start":{"line":4,"column":19},"end":{"line":13,"column":1}},"line":4}},"branchMap":{},"s":{"0":1,"1":0},"f":{"0":0},"b":{},"_coverageSchema":"1a1c01bbd47fc00a2c39e90264f33305004495a9","hash":"e7946157082354baf623f0755ce17eb21efef0bc"}
,"/home/dev/conduit-app/conduit-app/src/components/Home/article/article.jsx": {"path":"/home/dev/conduit-app/conduit-app/src/components/Home/article/article.jsx","statementMap":{"0":{"start":{"line":3,"column":16},"end":{"line":34,"column":1}},"1":{"start":{"line":4,"column":72},"end":{"line":4,"column":79}},"2":{"start":{"line":5,"column":30},"end":{"line":5,"column":36}},"3":{"start":{"line":7,"column":2},"end":{"line":33,"column":4}}},"fnMap":{"0":{"name":"(anonymous_0)","decl":{"start":{"line":3,"column":16},"end":{"line":3,"column":17}},"loc":{"start":{"line":3,"column":42},"end":{"line":34,"column":1}},"line":3}},"branchMap":{},"s":{"0":4,"1":2,"2":2,"3":2},"f":{"0":2},"b":{},"_coverageSchema":"1a1c01bbd47fc00a2c39e90264f33305004495a9","hash":"55dac8b16b14591f010319c8c5249cf68a17c995"}
,"/home/dev/conduit-app/conduit-app/src/components/Home/article/articleStyles.js": {"path":"/home/dev/conduit-app/conduit-app/src/components/Home/article/articleStyles.js","statementMap":{"0":{"start":{"line":4,"column":30},"end":{"line":9,"column":1}},"1":{"start":{"line":11,"column":27},"end":{"line":14,"column":1}},"2":{"start":{"line":16,"column":27},"end":{"line":19,"column":1}},"3":{"start":{"line":21,"column":35},"end":{"line":26,"column":1}},"4":{"start":{"line":27,"column":24},"end":{"line":35,"column":1}},"5":{"start":{"line":37,"column":24},"end":{"line":40,"column":1}},"6":{"start":{"line":42,"column":28},"end":{"line":45,"column":1}},"7":{"start":{"line":46,"column":25},"end":{"line":50,"column":1}},"8":{"start":{"line":52,"column":30},"end":{"line":56,"column":1}},"9":{"start":{"line":58,"column":28},"end":{"line":62,"column":1}},"10":{"start":{"line":64,"column":27},"end":{"line":66,"column":1}},"11":{"start":{"line":67,"column":27},"end":{"line":70,"column":1}}},"fnMap":{},"branchMap":{},"s":{"0":4,"1":4,"2":4,"3":4,"4":4,"5":4,"6":4,"7":4,"8":4,"9":4,"10":4,"11":4},"f":{},"b":{},"_coverageSchema":"1a1c01bbd47fc00a2c39e90264f33305004495a9","hash":"d06de6567b08b10f98ea4a4ebfd8cf8ae908e421"}
,"/home/dev/conduit-app/conduit-app/src/components/Home/articlesPreview/articlesPreview.jsx": {"path":"/home/dev/conduit-app/conduit-app/src/components/Home/articlesPreview/articlesPreview.jsx","statementMap":{"0":{"start":{"line":3,"column":24},"end":{"line":15,"column":1}},"1":{"start":{"line":4,"column":2},"end":{"line":14,"column":4}},"2":{"start":{"line":7,"column":8},"end":{"line":11,"column":19}}},"fnMap":{"0":{"name":"(anonymous_0)","decl":{"start":{"line":3,"column":24},"end":{"line":3,"column":25}},"loc":{"start":{"line":3,"column":50},"end":{"line":15,"column":1}},"line":3},"1":{"name":"(anonymous_1)","decl":{"start":{"line":6,"column":20},"end":{"line":6,"column":21}},"loc":{"start":{"line":7,"column":8},"end":{"line":11,"column":19}},"line":7}},"branchMap":{},"s":{"0":3,"1":2,"2":0},"f":{"0":2,"1":0},"b":{},"_coverageSchema":"1a1c01bbd47fc00a2c39e90264f33305004495a9","hash":"8c14592061b2634a69f26db038e1c91fd19958da"}
,"/home/dev/conduit-app/conduit-app/src/components/Home/banner/banner.jsx": {"path":"/home/dev/conduit-app/conduit-app/src/components/Home/banner/banner.jsx","statementMap":{"0":{"start":{"line":2,"column":15},"end":{"line":9,"column":1}},"1":{"start":{"line":3,"column":2},"end":{"line":8,"column":4}}},"fnMap":{"0":{"name":"(anonymous_0)","decl":{"start":{"line":2,"column":15},"end":{"line":2,"column":16}},"loc":{"start":{"line":2,"column":21},"end":{"line":9,"column":1}},"line":2}},"branchMap":{},"s":{"0":2,"1":1},"f":{"0":1},"b":{},"_coverageSchema":"1a1c01bbd47fc00a2c39e90264f33305004495a9","hash":"c7ee568b8bc71d3627e2bd73be44d260d367902b"}
,"/home/dev/conduit-app/conduit-app/src/components/Home/banner/bannerStyles.js": {"path":"/home/dev/conduit-app/conduit-app/src/components/Home/banner/bannerStyles.js","statementMap":{"0":{"start":{"line":3,"column":25},"end":{"line":10,"column":1}},"1":{"start":{"line":12,"column":24},"end":{"line":18,"column":1}},"2":{"start":{"line":20,"column":23},"end":{"line":24,"column":1}}},"fnMap":{},"branchMap":{},"s":{"0":2,"1":2,"2":2},"f":{},"b":{},"_coverageSchema":"1a1c01bbd47fc00a2c39e90264f33305004495a9","hash":"329a1f9edbda8c08046e918a34097961503368de"}
,"/home/dev/conduit-app/conduit-app/src/components/Home/mainview/mainView.jsx": {"path":"/home/dev/conduit-app/conduit-app/src/components/Home/mainview/mainView.jsx","statementMap":{"0":{"start":{"line":9,"column":20},"end":{"line":9,"column":61}},"1":{"start":{"line":10,"column":14},"end":{"line":10,"column":72}},"2":{"start":{"line":10,"column":28},"end":{"line":10,"column":72}},"3":{"start":{"line":12,"column":17},"end":{"line":111,"column":1}},"4":{"start":{"line":13,"column":26},"end":{"line":13,"column":38}},"5":{"start":{"line":14,"column":34},"end":{"line":14,"column":46}},"6":{"start":{"line":15,"column":37},"end":{"line":15,"column":48}},"7":{"start":{"line":16,"column":32},"end":{"line":16,"column":46}},"8":{"start":{"line":17,"column":40},"end":{"line":17,"column":51}},"9":{"start":{"line":18,"column":40},"end":{"line":18,"column":50}},"10":{"start":{"line":20,"column":2},"end":{"line":32,"column":20}},"11":{"start":{"line":22,"column":27},"end":{"line":24,"column":7}},"12":{"start":{"line":25,"column":23},"end":{"line":25,"column":56}},"13":{"start":{"line":26,"column":6},"end":{"line":26,"column":24}},"14":{"start":{"line":27,"column":6},"end":{"line":27,"column":46}},"15":{"start":{"line":28,"column":6},"end":{"line":28,"column":34}},"16":{"start":{"line":29,"column":6},"end":{"line":29,"column":53}},"17":{"start":{"line":31,"column":4},"end":{"line":31,"column":18}},"18":{"start":{"line":34,"column":21},"end":{"line":40,"column":3}},"19":{"start":{"line":42,"column":27},"end":{"line":48,"column":3}},"20":{"start":{"line":43,"column":25},"end":{"line":43,"column":35}},"21":{"start":{"line":44,"column":25},"end":{"line":46,"column":5}},"22":{"start":{"line":47,"column":4},"end":{"line":47,"column":44}},"23":{"start":{"line":50,"column":26},"end":{"line":59,"column":3}},"24":{"start":{"line":52,"column":6},"end":{"line":54,"column":45}},"25":{"start":{"line":55,"column":19},"end":{"line":55,"column":40}},"26":{"start":{"line":56,"column":4},"end":{"line":56,"column":38}},"27":{"start":{"line":57,"column":4},"end":{"line":57,"column":24}},"28":{"start":{"line":58,"column":4},"end":{"line":58,"column":22}},"29":{"start":{"line":64,"column":2},"end":{"line":110,"column":4}},"30":{"start":{"line":84,"column":63},"end":{"line":84,"column":73}}},"fnMap":{"0":{"name":"(anonymous_0)","decl":{"start":{"line":10,"column":14},"end":{"line":10,"column":15}},"loc":{"start":{"line":10,"column":28},"end":{"line":10,"column":72}},"line":10},"1":{"name":"(anonymous_1)","decl":{"start":{"line":12,"column":17},"end":{"line":12,"column":18}},"loc":{"start":{"line":12,"column":23},"end":{"line":111,"column":1}},"line":12},"2":{"name":"(anonymous_2)","decl":{"start":{"line":20,"column":12},"end":{"line":20,"column":13}},"loc":{"start":{"line":20,"column":18},"end":{"line":32,"column":3}},"line":20},"3":{"name":"getArticles","decl":{"start":{"line":21,"column":19},"end":{"line":21,"column":30}},"loc":{"start":{"line":21,"column":33},"end":{"line":30,"column":5}},"line":21},"4":{"name":"(anonymous_4)","decl":{"start":{"line":34,"column":21},"end":{"line":34,"column":22}},"loc":{"start":{"line":34,"column":34},"end":{"line":40,"column":3}},"line":34},"5":{"name":"(anonymous_5)","decl":{"start":{"line":42,"column":27},"end":{"line":42,"column":28}},"loc":{"start":{"line":42,"column":40},"end":{"line":48,"column":3}},"line":42},"6":{"name":"(anonymous_6)","decl":{"start":{"line":50,"column":26},"end":{"line":50,"column":27}},"loc":{"start":{"line":50,"column":41},"end":{"line":59,"column":3}},"line":50},"7":{"name":"(anonymous_7)","decl":{"start":{"line":84,"column":57},"end":{"line":84,"column":58}},"loc":{"start":{"line":84,"column":63},"end":{"line":84,"column":73}},"line":84}},"branchMap":{"0":{"loc":{"start":{"line":10,"column":53},"end":{"line":10,"column":70}},"type":"cond-expr","locations":[{"start":{"line":10,"column":57},"end":{"line":10,"column":66}},{"start":{"line":10,"column":69},"end":{"line":10,"column":70}}],"line":10},"1":{"loc":{"start":{"line":52,"column":6},"end":{"line":54,"column":45}},"type":"cond-expr","locations":[{"start":{"line":53,"column":10},"end":{"line":53,"column":50}},{"start":{"line":54,"column":10},"end":{"line":54,"column":45}}],"line":52},"2":{"loc":{"start":{"line":67,"column":9},"end":{"line":76,"column":9}},"type":"binary-expr","locations":[{"start":{"line":67,"column":9},"end":{"line":67,"column":16}},{"start":{"line":68,"column":10},"end":{"line":75,"column":13}}],"line":67},"3":{"loc":{"start":{"line":77,"column":9},"end":{"line":99,"column":9}},"type":"binary-expr","locations":[{"start":{"line":77,"column":9},"end":{"line":77,"column":17}},{"start":{"line":78,"column":10},"end":{"line":98,"column":13}}],"line":77}},"s":{"0":2,"1":2,"2":1,"3":2,"4":2,"5":2,"6":2,"7":2,"8":2,"9":2,"10":2,"11":1,"12":0,"13":0,"14":0,"15":0,"16":0,"17":1,"18":2,"19":2,"20":0,"21":0,"22":0,"23":2,"24":0,"25":0,"26":0,"27":0,"28":0,"29":2,"30":0},"f":{"0":1,"1":2,"2":1,"3":1,"4":0,"5":0,"6":0,"7":0},"b":{"0":[0,1],"1":[0,0],"2":[2,2],"3":[2,0]},"_coverageSchema":"1a1c01bbd47fc00a2c39e90264f33305004495a9","hash":"9fc7db1dc69cc5718014b9e4cfa2d43e2934e9bf"}
,"/home/dev/conduit-app/conduit-app/src/components/Home/mainview/mainViewStyles.js": {"path":"/home/dev/conduit-app/conduit-app/src/components/Home/mainview/mainViewStyles.js","statementMap":{"0":{"start":{"line":3,"column":28},"end":{"line":6,"column":1}},"1":{"start":{"line":7,"column":30},"end":{"line":11,"column":1}},"2":{"start":{"line":13,"column":26},"end":{"line":17,"column":1}},"3":{"start":{"line":19,"column":23},"end":{"line":22,"column":1}}},"fnMap":{},"branchMap":{},"s":{"0":2,"1":2,"2":2,"3":2},"f":{},"b":{},"_coverageSchema":"1a1c01bbd47fc00a2c39e90264f33305004495a9","hash":"0fcf686f5f4dd981e761efb85da05bdf94283c69"}
,"/home/dev/conduit-app/conduit-app/src/components/common/heart/heart.jsx": {"path":"/home/dev/conduit-app/conduit-app/src/components/common/heart/heart.jsx","statementMap":{"0":{"start":{"line":4,"column":14},"end":{"line":14,"column":1}},"1":{"start":{"line":5,"column":2},"end":{"line":13,"column":4}}},"fnMap":{"0":{"name":"(anonymous_0)","decl":{"start":{"line":4,"column":14},"end":{"line":4,"column":15}},"loc":{"start":{"line":4,"column":49},"end":{"line":14,"column":1}},"line":4}},"branchMap":{},"s":{"0":5,"1":3},"f":{"0":3},"b":{},"_coverageSchema":"1a1c01bbd47fc00a2c39e90264f33305004495a9","hash":"130a4471e3faba5b0f3e46a2378a916a92c5c7e3"}
,"/home/dev/conduit-app/conduit-app/src/components/common/heart/heartStyles.js": {"path":"/home/dev/conduit-app/conduit-app/src/components/common/heart/heartStyles.js","statementMap":{"0":{"start":{"line":3,"column":25},"end":{"line":9,"column":1}},"1":{"start":{"line":8,"column":4},"end":{"line":8,"column":75}},"2":{"start":{"line":11,"column":26},"end":{"line":33,"column":1}},"3":{"start":{"line":16,"column":34},"end":{"line":16,"column":72}},"4":{"start":{"line":17,"column":23},"end":{"line":17,"column":59}}},"fnMap":{"0":{"name":"(anonymous_0)","decl":{"start":{"line":7,"column":12},"end":{"line":7,"column":13}},"loc":{"start":{"line":8,"column":4},"end":{"line":8,"column":75}},"line":8},"1":{"name":"(anonymous_1)","decl":{"start":{"line":16,"column":22},"end":{"line":16,"column":23}},"loc":{"start":{"line":16,"column":34},"end":{"line":16,"column":72}},"line":16},"2":{"name":"(anonymous_2)","decl":{"start":{"line":17,"column":11},"end":{"line":17,"column":12}},"loc":{"start":{"line":17,"column":23},"end":{"line":17,"column":59}},"line":17}},"branchMap":{"0":{"loc":{"start":{"line":8,"column":4},"end":{"line":8,"column":75}},"type":"cond-expr","locations":[{"start":{"line":8,"column":22},"end":{"line":8,"column":47}},{"start":{"line":8,"column":50},"end":{"line":8,"column":75}}],"line":8},"1":{"loc":{"start":{"line":16,"column":34},"end":{"line":16,"column":72}},"type":"cond-expr","locations":[{"start":{"line":16,"column":53},"end":{"line":16,"column":60}},{"start":{"line":16,"column":63},"end":{"line":16,"column":72}}],"line":16},"2":{"loc":{"start":{"line":17,"column":23},"end":{"line":17,"column":59}},"type":"cond-expr","locations":[{"start":{"line":17,"column":41},"end":{"line":17,"column":47}},{"start":{"line":17,"column":50},"end":{"line":17,"column":59}}],"line":17}},"s":{"0":5,"1":2,"2":5,"3":2,"4":2},"f":{"0":2,"1":2,"2":2},"b":{"0":[0,2],"1":[2,0],"2":[0,2]},"_coverageSchema":"1a1c01bbd47fc00a2c39e90264f33305004495a9","hash":"1de834632cf31c47364e3ffe2deed53c67b46bb0"}
,"/home/dev/conduit-app/conduit-app/src/components/common/tags/tags.jsx": {"path":"/home/dev/conduit-app/conduit-app/src/components/common/tags/tags.jsx","statementMap":{"0":{"start":{"line":2,"column":13},"end":{"line":26,"column":1}},"1":{"start":{"line":3,"column":2},"end":{"line":25,"column":4}},"2":{"start":{"line":11,"column":14},"end":{"line":19,"column":31}},"3":{"start":{"line":12,"column":31},"end":{"line":12,"column":49}}},"fnMap":{"0":{"name":"(anonymous_0)","decl":{"start":{"line":2,"column":13},"end":{"line":2,"column":14}},"loc":{"start":{"line":2,"column":69},"end":{"line":26,"column":1}},"line":2},"1":{"name":"(anonymous_1)","decl":{"start":{"line":10,"column":23},"end":{"line":10,"column":24}},"loc":{"start":{"line":11,"column":14},"end":{"line":19,"column":31}},"line":11},"2":{"name":"(anonymous_2)","decl":{"start":{"line":12,"column":25},"end":{"line":12,"column":26}},"loc":{"start":{"line":12,"column":31},"end":{"line":12,"column":49}},"line":12}},"branchMap":{"0":{"loc":{"start":{"line":6,"column":7},"end":{"line":6,"column":43}},"type":"binary-expr","locations":[{"start":{"line":6,"column":7},"end":{"line":6,"column":18}},{"start":{"line":6,"column":22},"end":{"line":6,"column":43}}],"line":6},"1":{"loc":{"start":{"line":7,"column":7},"end":{"line":23,"column":7}},"type":"binary-expr","locations":[{"start":{"line":7,"column":7},"end":{"line":7,"column":19}},{"start":{"line":8,"column":8},"end":{"line":22,"column":11}}],"line":7}},"s":{"0":3,"1":2,"2":1,"3":0},"f":{"0":2,"1":1,"2":0},"b":{"0":[2,1],"1":[2,1]},"_coverageSchema":"1a1c01bbd47fc00a2c39e90264f33305004495a9","hash":"cfade48b3f0fe76d1ab4427ad5ec1fc18ef4efa5"}
,"/home/dev/conduit-app/conduit-app/src/components/common/tags/tagsStyles.js": {"path":"/home/dev/conduit-app/conduit-app/src/components/common/tags/tagsStyles.js","statementMap":{"0":{"start":{"line":4,"column":26},"end":{"line":11,"column":1}},"1":{"start":{"line":13,"column":28},"end":{"line":17,"column":1}},"2":{"start":{"line":19,"column":23},"end":{"line":37,"column":1}},"3":{"start":{"line":34,"column":4},"end":{"line":34,"column":58}},"4":{"start":{"line":36,"column":4},"end":{"line":36,"column":56}}},"fnMap":{"0":{"name":"(anonymous_0)","decl":{"start":{"line":33,"column":22},"end":{"line":33,"column":23}},"loc":{"start":{"line":34,"column":4},"end":{"line":34,"column":58}},"line":34},"1":{"name":"(anonymous_1)","decl":{"start":{"line":35,"column":21},"end":{"line":35,"column":22}},"loc":{"start":{"line":36,"column":4},"end":{"line":36,"column":56}},"line":36}},"branchMap":{"0":{"loc":{"start":{"line":34,"column":4},"end":{"line":34,"column":58}},"type":"cond-expr","locations":[{"start":{"line":34,"column":36},"end":{"line":34,"column":46}},{"start":{"line":34,"column":49},"end":{"line":34,"column":58}}],"line":34},"1":{"loc":{"start":{"line":36,"column":4},"end":{"line":36,"column":56}},"type":"cond-expr","locations":[{"start":{"line":36,"column":36},"end":{"line":36,"column":47}},{"start":{"line":36,"column":50},"end":{"line":36,"column":56}}],"line":36}},"s":{"0":3,"1":3,"2":3,"3":1,"4":1},"f":{"0":1,"1":1},"b":{"0":[0,1],"1":[0,1]},"_coverageSchema":"1a1c01bbd47fc00a2c39e90264f33305004495a9","hash":"a8e74b07e81efc3da65c4d91da745f6955a0dc0b"}
,"/home/dev/conduit-app/conduit-app/src/components/login/login.jsx": {"path":"/home/dev/conduit-app/conduit-app/src/components/login/login.jsx","statementMap":{"0":{"start":{"line":1,"column":14},"end":{"line":3,"column":1}},"1":{"start":{"line":2,"column":2},"end":{"line":2,"column":26}}},"fnMap":{"0":{"name":"(anonymous_0)","decl":{"start":{"line":1,"column":14},"end":{"line":1,"column":15}},"loc":{"start":{"line":1,"column":20},"end":{"line":3,"column":1}},"line":1}},"branchMap":{},"s":{"0":2,"1":1},"f":{"0":1},"b":{},"_coverageSchema":"1a1c01bbd47fc00a2c39e90264f33305004495a9","hash":"14157eb0df9925ba6851504d74b7683b5933d490"}
,"/home/dev/conduit-app/conduit-app/src/components/navBar/navBar.jsx": {"path":"/home/dev/conduit-app/conduit-app/src/components/navBar/navBar.jsx","statementMap":{"0":{"start":{"line":3,"column":15},"end":{"line":24,"column":1}},"1":{"start":{"line":4,"column":2},"end":{"line":23,"column":4}}},"fnMap":{"0":{"name":"(anonymous_0)","decl":{"start":{"line":3,"column":15},"end":{"line":3,"column":16}},"loc":{"start":{"line":3,"column":21},"end":{"line":24,"column":1}},"line":3}},"branchMap":{},"s":{"0":2,"1":1},"f":{"0":1},"b":{},"_coverageSchema":"1a1c01bbd47fc00a2c39e90264f33305004495a9","hash":"acc96e1177c3b97b6ca627cb096da6afa803f463"}
,"/home/dev/conduit-app/conduit-app/src/components/navBar/navBarStyles.js": {"path":"/home/dev/conduit-app/conduit-app/src/components/navBar/navBarStyles.js","statementMap":{"0":{"start":{"line":4,"column":22},"end":{"line":6,"column":1}},"1":{"start":{"line":8,"column":21},"end":{"line":12,"column":1}},"2":{"start":{"line":14,"column":23},"end":{"line":23,"column":1}},"3":{"start":{"line":25,"column":21},"end":{"line":27,"column":1}},"4":{"start":{"line":29,"column":26},"end":{"line":40,"column":1}}},"fnMap":{},"branchMap":{},"s":{"0":2,"1":2,"2":2,"3":2,"4":2},"f":{},"b":{},"_coverageSchema":"1a1c01bbd47fc00a2c39e90264f33305004495a9","hash":"b1591e8986280d23752a57955936068eefe3ab04"}
,"/home/dev/conduit-app/conduit-app/src/components/notFoundPage/notFound.jsx": {"path":"/home/dev/conduit-app/conduit-app/src/components/notFoundPage/notFound.jsx","statementMap":{"0":{"start":{"line":3,"column":17},"end":{"line":5,"column":1}},"1":{"start":{"line":4,"column":2},"end":{"line":4,"column":28}}},"fnMap":{"0":{"name":"(anonymous_0)","decl":{"start":{"line":3,"column":17},"end":{"line":3,"column":18}},"loc":{"start":{"line":3,"column":23},"end":{"line":5,"column":1}},"line":3}},"branchMap":{},"s":{"0":2,"1":1},"f":{"0":1},"b":{},"_coverageSchema":"1a1c01bbd47fc00a2c39e90264f33305004495a9","hash":"f19f5f42df3159b142d3f6a6db79726dac042bab"}
,"/home/dev/conduit-app/conduit-app/src/components/register/register.jsx": {"path":"/home/dev/conduit-app/conduit-app/src/components/register/register.jsx","statementMap":{"0":{"start":{"line":1,"column":17},"end":{"line":3,"column":1}},"1":{"start":{"line":2,"column":2},"end":{"line":2,"column":26}}},"fnMap":{"0":{"name":"(anonymous_0)","decl":{"start":{"line":1,"column":17},"end":{"line":1,"column":18}},"loc":{"start":{"line":1,"column":23},"end":{"line":3,"column":1}},"line":1}},"branchMap":{},"s":{"0":2,"1":1},"f":{"0":1},"b":{},"_coverageSchema":"1a1c01bbd47fc00a2c39e90264f33305004495a9","hash":"a3745a7325e4a00e9b27a2be468c9aee327cc0af"}
,"/home/dev/conduit-app/conduit-app/src/components/tagsNav/tagsNav.jsx": {"path":"/home/dev/conduit-app/conduit-app/src/components/tagsNav/tagsNav.jsx","statementMap":{"0":{"start":{"line":3,"column":16},"end":{"line":18,"column":1}},"1":{"start":{"line":4,"column":2},"end":{"line":17,"column":4}},"2":{"start":{"line":7,"column":40},"end":{"line":7,"column":54}}},"fnMap":{"0":{"name":"(anonymous_0)","decl":{"start":{"line":3,"column":16},"end":{"line":3,"column":17}},"loc":{"start":{"line":3,"column":51},"end":{"line":18,"column":1}},"line":3},"1":{"name":"(anonymous_1)","decl":{"start":{"line":7,"column":34},"end":{"line":7,"column":35}},"loc":{"start":{"line":7,"column":40},"end":{"line":7,"column":54}},"line":7}},"branchMap":{"0":{"loc":{"start":{"line":10,"column":9},"end":{"line":14,"column":9}},"type":"cond-expr","locations":[{"start":{"line":10,"column":37},"end":{"line":10,"column":41}},{"start":{"line":11,"column":10},"end":{"line":13,"column":28}}],"line":10}},"s":{"0":3,"1":2,"2":0},"f":{"0":2,"1":0},"b":{"0":[2,0]},"_coverageSchema":"1a1c01bbd47fc00a2c39e90264f33305004495a9","hash":"e9a1db152b97f97db84503aca0e3e1724efa660d"}
,"/home/dev/conduit-app/conduit-app/src/components/tagsNav/tagsNavStyles.js": {"path":"/home/dev/conduit-app/conduit-app/src/components/tagsNav/tagsNavStyles.js","statementMap":{"0":{"start":{"line":4,"column":23},"end":{"line":9,"column":1}},"1":{"start":{"line":11,"column":24},"end":{"line":26,"column":1}},"2":{"start":{"line":21,"column":4},"end":{"line":21,"column":65}},"3":{"start":{"line":23,"column":4},"end":{"line":23,"column":72}},"4":{"start":{"line":25,"column":4},"end":{"line":25,"column":62}},"5":{"start":{"line":28,"column":30},"end":{"line":34,"column":1}}},"fnMap":{"0":{"name":"(anonymous_0)","decl":{"start":{"line":20,"column":19},"end":{"line":20,"column":20}},"loc":{"start":{"line":21,"column":4},"end":{"line":21,"column":65}},"line":21},"1":{"name":"(anonymous_1)","decl":{"start":{"line":22,"column":11},"end":{"line":22,"column":12}},"loc":{"start":{"line":23,"column":4},"end":{"line":23,"column":72}},"line":23},"2":{"name":"(anonymous_2)","decl":{"start":{"line":24,"column":12},"end":{"line":24,"column":13}},"loc":{"start":{"line":25,"column":4},"end":{"line":25,"column":62}},"line":25}},"branchMap":{"0":{"loc":{"start":{"line":21,"column":4},"end":{"line":21,"column":65}},"type":"cond-expr","locations":[{"start":{"line":21,"column":41},"end":{"line":21,"column":60}},{"start":{"line":21,"column":63},"end":{"line":21,"column":65}}],"line":21},"1":{"loc":{"start":{"line":23,"column":4},"end":{"line":23,"column":72}},"type":"cond-expr","locations":[{"start":{"line":23,"column":41},"end":{"line":23,"column":63}},{"start":{"line":23,"column":66},"end":{"line":23,"column":72}}],"line":23},"2":{"loc":{"start":{"line":25,"column":4},"end":{"line":25,"column":62}},"type":"cond-expr","locations":[{"start":{"line":25,"column":41},"end":{"line":25,"column":50}},{"start":{"line":25,"column":53},"end":{"line":25,"column":62}}],"line":25}},"s":{"0":3,"1":3,"2":1,"3":1,"4":1,"5":3},"f":{"0":1,"1":1,"2":1},"b":{"0":[0,1],"1":[0,1],"2":[0,1]},"_coverageSchema":"1a1c01bbd47fc00a2c39e90264f33305004495a9","hash":"756c1b1765e54433dda3af0210bce6b3afc265e7"}
}
