TN:
SF:src/App.js
FN:8,App
FNF:1
FNH:1
FNDA:2,App
DA:9,2
LF:1
LH:1
BRF:0
BRH:0
end_of_record
TN:
SF:src/index.js
FNF:0
FNH:0
DA:7,0
LF:1
LH:0
BRF:0
BRH:0
end_of_record
TN:
SF:src/components/Home/index.jsx
FN:4,(anonymous_0)
FNF:1
FNH:0
FNDA:0,(anonymous_0)
DA:4,1
DA:5,0
LF:2
LH:1
BRF:0
BRH:0
end_of_record
TN:
SF:src/components/Home/article/article.jsx
FN:3,(anonymous_0)
FNF:1
FNH:1
FNDA:2,(anonymous_0)
DA:3,4
DA:4,2
DA:5,2
DA:7,2
LF:4
LH:4
BRF:0
BRH:0
end_of_record
TN:
SF:src/components/Home/article/articleStyles.js
FNF:0
FNH:0
DA:4,4
DA:11,4
DA:16,4
DA:21,4
DA:27,4
DA:37,4
DA:42,4
DA:46,4
DA:52,4
DA:58,4
DA:64,4
DA:67,4
LF:12
LH:12
BRF:0
BRH:0
end_of_record
TN:
SF:src/components/Home/articlesPreview/articlesPreview.jsx
FN:3,(anonymous_0)
FN:6,(anonymous_1)
FNF:2
FNH:1
FNDA:2,(anonymous_0)
FNDA:0,(anonymous_1)
DA:3,3
DA:4,2
DA:7,0
LF:3
LH:2
BRF:0
BRH:0
end_of_record
TN:
SF:src/components/Home/banner/banner.jsx
FN:2,(anonymous_0)
FNF:1
FNH:1
FNDA:1,(anonymous_0)
DA:2,2
DA:3,1
LF:2
LH:2
BRF:0
BRH:0
end_of_record
TN:
SF:src/components/Home/banner/bannerStyles.js
FNF:0
FNH:0
DA:3,2
DA:12,2
DA:20,2
LF:3
LH:3
BRF:0
BRH:0
end_of_record
TN:
SF:src/components/Home/mainview/mainView.jsx
FN:10,(anonymous_0)
FN:12,(anonymous_1)
FN:20,(anonymous_2)
FN:21,getArticles
FN:34,(anonymous_4)
FN:42,(anonymous_5)
FN:50,(anonymous_6)
FN:84,(anonymous_7)
FNF:8
FNH:4
FNDA:1,(anonymous_0)
FNDA:2,(anonymous_1)
FNDA:1,(anonymous_2)
FNDA:1,getArticles
FNDA:0,(anonymous_4)
FNDA:0,(anonymous_5)
FNDA:0,(anonymous_6)
FNDA:0,(anonymous_7)
DA:9,2
DA:10,2
DA:12,2
DA:13,2
DA:14,2
DA:15,2
DA:16,2
DA:17,2
DA:18,2
DA:20,2
DA:22,1
DA:25,0
DA:26,0
DA:27,0
DA:28,0
DA:29,0
DA:31,1
DA:34,2
DA:42,2
DA:43,0
DA:44,0
DA:47,0
DA:50,2
DA:52,0
DA:55,0
DA:56,0
DA:57,0
DA:58,0
DA:64,2
DA:84,0
LF:30
LH:16
BRDA:10,0,0,0
BRDA:10,0,1,1
BRDA:52,1,0,0
BRDA:52,1,1,0
BRDA:67,2,0,2
BRDA:67,2,1,2
BRDA:77,3,0,2
BRDA:77,3,1,0
BRF:8
BRH:4
end_of_record
TN:
SF:src/components/Home/mainview/mainViewStyles.js
FNF:0
FNH:0
DA:3,2
DA:7,2
DA:13,2
DA:19,2
LF:4
LH:4
BRF:0
BRH:0
end_of_record
TN:
SF:src/components/common/heart/heart.jsx
FN:4,(anonymous_0)
FNF:1
FNH:1
FNDA:3,(anonymous_0)
DA:4,5
DA:5,3
LF:2
LH:2
BRF:0
BRH:0
end_of_record
TN:
SF:src/components/common/heart/heartStyles.js
FN:7,(anonymous_0)
FN:16,(anonymous_1)
FN:17,(anonymous_2)
FNF:3
FNH:3
FNDA:2,(anonymous_0)
FNDA:2,(anonymous_1)
FNDA:2,(anonymous_2)
DA:3,5
DA:8,2
DA:11,5
DA:16,2
DA:17,2
LF:5
LH:5
BRDA:8,0,0,0
BRDA:8,0,1,2
BRDA:16,1,0,2
BRDA:16,1,1,0
BRDA:17,2,0,0
BRDA:17,2,1,2
BRF:6
BRH:3
end_of_record
TN:
SF:src/components/common/tags/tags.jsx
FN:2,(anonymous_0)
FN:10,(anonymous_1)
FN:12,(anonymous_2)
FNF:3
FNH:2
FNDA:2,(anonymous_0)
FNDA:1,(anonymous_1)
FNDA:0,(anonymous_2)
DA:2,3
DA:3,2
DA:11,1
DA:12,0
LF:4
LH:3
BRDA:6,0,0,2
BRDA:6,0,1,1
BRDA:7,1,0,2
BRDA:7,1,1,1
BRF:4
BRH:4
end_of_record
TN:
SF:src/components/common/tags/tagsStyles.js
FN:33,(anonymous_0)
FN:35,(anonymous_1)
FNF:2
FNH:2
FNDA:1,(anonymous_0)
FNDA:1,(anonymous_1)
DA:4,3
DA:13,3
DA:19,3
DA:34,1
DA:36,1
LF:5
LH:5
BRDA:34,0,0,0
BRDA:34,0,1,1
BRDA:36,1,0,0
BRDA:36,1,1,1
BRF:4
BRH:2
end_of_record
TN:
SF:src/components/login/login.jsx
FN:1,(anonymous_0)
FNF:1
FNH:1
FNDA:1,(anonymous_0)
DA:1,2
DA:2,1
LF:2
LH:2
BRF:0
BRH:0
end_of_record
TN:
SF:src/components/navBar/navBar.jsx
FN:3,(anonymous_0)
FNF:1
FNH:1
FNDA:1,(anonymous_0)
DA:3,2
DA:4,1
LF:2
LH:2
BRF:0
BRH:0
end_of_record
TN:
SF:src/components/navBar/navBarStyles.js
FNF:0
FNH:0
DA:4,2
DA:8,2
DA:14,2
DA:25,2
DA:29,2
LF:5
LH:5
BRF:0
BRH:0
end_of_record
TN:
SF:src/components/notFoundPage/notFound.jsx
FN:3,(anonymous_0)
FNF:1
FNH:1
FNDA:1,(anonymous_0)
DA:3,2
DA:4,1
LF:2
LH:2
BRF:0
BRH:0
end_of_record
TN:
SF:src/components/register/register.jsx
FN:1,(anonymous_0)
FNF:1
FNH:1
FNDA:1,(anonymous_0)
DA:1,2
DA:2,1
LF:2
LH:2
BRF:0
BRH:0
end_of_record
TN:
SF:src/components/tagsNav/tagsNav.jsx
FN:3,(anonymous_0)
FN:7,(anonymous_1)
FNF:2
FNH:1
FNDA:2,(anonymous_0)
FNDA:0,(anonymous_1)
DA:3,3
DA:4,2
DA:7,0
LF:3
LH:2
BRDA:10,0,0,2
BRDA:10,0,1,0
BRF:2
BRH:1
end_of_record
TN:
SF:src/components/tagsNav/tagsNavStyles.js
FN:20,(anonymous_0)
FN:22,(anonymous_1)
FN:24,(anonymous_2)
FNF:3
FNH:3
FNDA:1,(anonymous_0)
FNDA:1,(anonymous_1)
FNDA:1,(anonymous_2)
DA:4,3
DA:11,3
DA:21,1
DA:23,1
DA:25,1
DA:28,3
LF:6
LH:6
BRDA:21,0,0,0
BRDA:21,0,1,1
BRDA:23,1,0,0
BRDA:23,1,1,1
BRDA:25,2,0,0
BRDA:25,2,1,1
BRF:6
BRH:3
end_of_record
